Feb 24, 2023 4:17:59 PM uk.co.strimm.services.LoggerService log
WARNING: Could not load Save ROIs button icon
Feb 24, 2023 4:17:59 PM uk.co.strimm.services.LoggerService log
WARNING: Stack trace: javax.imageio.ImageIO.read(ImageIO.java:1394)
uk.co.strimm.UtilitiesKt.setIcon(utilities.kt:29)
uk.co.strimm.UtilitiesKt.setIcon$default(utilities.kt:25)
uk.co.strimm.gui.GUIMain.addAcquisitionButtons(GUIMain.kt:123)
uk.co.strimm.gui.GUIMain.initAndShowGUI(GUIMain.kt:97)
uk.co.strimm.gui.GUIMain.run(GUIMain.kt:64)
org.scijava.command.CommandModule.run(CommandModule.java:199)
org.scijava.module.ModuleRunner.run(ModuleRunner.java:168)
org.scijava.module.ModuleRunner.call(ModuleRunner.java:127)
org.scijava.module.ModuleRunner.call(ModuleRunner.java:66)
org.scijava.thread.DefaultThreadService$3.call(DefaultThreadService.java:238)
java.util.concurrent.FutureTask.run(FutureTask.java:266)
java.util.concurrent.ThreadPoolExecutor.runWorker(ThreadPoolExecutor.java:1149)
java.util.concurrent.ThreadPoolExecutor$Worker.run(ThreadPoolExecutor.java:624)
java.lang.Thread.run(Thread.java:748)

Feb 24, 2023 4:17:59 PM uk.co.strimm.services.LoggerService log
WARNING: Could not load Load Experiment button icon
Feb 24, 2023 4:17:59 PM uk.co.strimm.services.LoggerService log
WARNING: Stack trace: javax.imageio.ImageIO.read(ImageIO.java:1394)
uk.co.strimm.UtilitiesKt.setIcon(utilities.kt:29)
uk.co.strimm.UtilitiesKt.setIcon$default(utilities.kt:25)
uk.co.strimm.gui.GUIMain.addAcquisitionButtons(GUIMain.kt:129)
uk.co.strimm.gui.GUIMain.initAndShowGUI(GUIMain.kt:97)
uk.co.strimm.gui.GUIMain.run(GUIMain.kt:64)
org.scijava.command.CommandModule.run(CommandModule.java:199)
org.scijava.module.ModuleRunner.run(ModuleRunner.java:168)
org.scijava.module.ModuleRunner.call(ModuleRunner.java:127)
org.scijava.module.ModuleRunner.call(ModuleRunner.java:66)
org.scijava.thread.DefaultThreadService$3.call(DefaultThreadService.java:238)
java.util.concurrent.FutureTask.run(FutureTask.java:266)
java.util.concurrent.ThreadPoolExecutor.runWorker(ThreadPoolExecutor.java:1149)
java.util.concurrent.ThreadPoolExecutor$Worker.run(ThreadPoolExecutor.java:624)
java.lang.Thread.run(Thread.java:748)

Feb 24, 2023 4:17:59 PM uk.co.strimm.services.LoggerService log
WARNING: Could not load StartPreview button icon
Feb 24, 2023 4:17:59 PM uk.co.strimm.services.LoggerService log
WARNING: Stack trace: javax.imageio.ImageIO.read(ImageIO.java:1394)
uk.co.strimm.UtilitiesKt.setIcon(utilities.kt:29)
uk.co.strimm.UtilitiesKt.setIcon$default(utilities.kt:25)
uk.co.strimm.gui.GUIMain.addAcquisitionButtons(GUIMain.kt:134)
uk.co.strimm.gui.GUIMain.initAndShowGUI(GUIMain.kt:97)
uk.co.strimm.gui.GUIMain.run(GUIMain.kt:64)
org.scijava.command.CommandModule.run(CommandModule.java:199)
org.scijava.module.ModuleRunner.run(ModuleRunner.java:168)
org.scijava.module.ModuleRunner.call(ModuleRunner.java:127)
org.scijava.module.ModuleRunner.call(ModuleRunner.java:66)
org.scijava.thread.DefaultThreadService$3.call(DefaultThreadService.java:238)
java.util.concurrent.FutureTask.run(FutureTask.java:266)
java.util.concurrent.ThreadPoolExecutor.runWorker(ThreadPoolExecutor.java:1149)
java.util.concurrent.ThreadPoolExecutor$Worker.run(ThreadPoolExecutor.java:624)
java.lang.Thread.run(Thread.java:748)

Feb 24, 2023 4:17:59 PM uk.co.strimm.services.LoggerService log
WARNING: Could not load StartPreview button icon
Feb 24, 2023 4:17:59 PM uk.co.strimm.services.LoggerService log
WARNING: Stack trace: javax.imageio.ImageIO.read(ImageIO.java:1394)
uk.co.strimm.UtilitiesKt.setIcon(utilities.kt:29)
uk.co.strimm.UtilitiesKt.setIcon$default(utilities.kt:25)
uk.co.strimm.gui.GUIMain.addAcquisitionButtons(GUIMain.kt:139)
uk.co.strimm.gui.GUIMain.initAndShowGUI(GUIMain.kt:97)
uk.co.strimm.gui.GUIMain.run(GUIMain.kt:64)
org.scijava.command.CommandModule.run(CommandModule.java:199)
org.scijava.module.ModuleRunner.run(ModuleRunner.java:168)
org.scijava.module.ModuleRunner.call(ModuleRunner.java:127)
org.scijava.module.ModuleRunner.call(ModuleRunner.java:66)
org.scijava.thread.DefaultThreadService$3.call(DefaultThreadService.java:238)
java.util.concurrent.FutureTask.run(FutureTask.java:266)
java.util.concurrent.ThreadPoolExecutor.runWorker(ThreadPoolExecutor.java:1149)
java.util.concurrent.ThreadPoolExecutor$Worker.run(ThreadPoolExecutor.java:624)
java.lang.Thread.run(Thread.java:748)

Feb 24, 2023 4:17:59 PM uk.co.strimm.services.LoggerService log
WARNING: Could not load Pause button icon
Feb 24, 2023 4:17:59 PM uk.co.strimm.services.LoggerService log
WARNING: Stack trace: javax.imageio.ImageIO.read(ImageIO.java:1394)
uk.co.strimm.UtilitiesKt.setIcon(utilities.kt:29)
uk.co.strimm.UtilitiesKt.setIcon$default(utilities.kt:25)
uk.co.strimm.gui.GUIMain.addAcquisitionButtons(GUIMain.kt:144)
uk.co.strimm.gui.GUIMain.initAndShowGUI(GUIMain.kt:97)
uk.co.strimm.gui.GUIMain.run(GUIMain.kt:64)
org.scijava.command.CommandModule.run(CommandModule.java:199)
org.scijava.module.ModuleRunner.run(ModuleRunner.java:168)
org.scijava.module.ModuleRunner.call(ModuleRunner.java:127)
org.scijava.module.ModuleRunner.call(ModuleRunner.java:66)
org.scijava.thread.DefaultThreadService$3.call(DefaultThreadService.java:238)
java.util.concurrent.FutureTask.run(FutureTask.java:266)
java.util.concurrent.ThreadPoolExecutor.runWorker(ThreadPoolExecutor.java:1149)
java.util.concurrent.ThreadPoolExecutor$Worker.run(ThreadPoolExecutor.java:624)
java.lang.Thread.run(Thread.java:748)

Feb 24, 2023 4:17:59 PM uk.co.strimm.services.LoggerService log
WARNING: Could not load Stop button icon
Feb 24, 2023 4:17:59 PM uk.co.strimm.services.LoggerService log
WARNING: Stack trace: javax.imageio.ImageIO.read(ImageIO.java:1394)
uk.co.strimm.UtilitiesKt.setIcon(utilities.kt:29)
uk.co.strimm.UtilitiesKt.setIcon$default(utilities.kt:25)
uk.co.strimm.gui.GUIMain.addAcquisitionButtons(GUIMain.kt:150)
uk.co.strimm.gui.GUIMain.initAndShowGUI(GUIMain.kt:97)
uk.co.strimm.gui.GUIMain.run(GUIMain.kt:64)
org.scijava.command.CommandModule.run(CommandModule.java:199)
org.scijava.module.ModuleRunner.run(ModuleRunner.java:168)
org.scijava.module.ModuleRunner.call(ModuleRunner.java:127)
org.scijava.module.ModuleRunner.call(ModuleRunner.java:66)
org.scijava.thread.DefaultThreadService$3.call(DefaultThreadService.java:238)
java.util.concurrent.FutureTask.run(FutureTask.java:266)
java.util.concurrent.ThreadPoolExecutor.runWorker(ThreadPoolExecutor.java:1149)
java.util.concurrent.ThreadPoolExecutor$Worker.run(ThreadPoolExecutor.java:624)
java.lang.Thread.run(Thread.java:748)

Feb 24, 2023 4:18:12 PM uk.co.strimm.services.LoggerService log
INFO: Registering actor: StrimmActor
Feb 24, 2023 4:18:13 PM uk.co.strimm.services.LoggerService log
INFO: Registering actor: FileManagerActor-ID-db447f63-bfa2-4a7c-85eb-64e55843e33c
Feb 24, 2023 4:18:13 PM uk.co.strimm.services.LoggerService log
INFO: STRIMM actor now watching FileManagerActor-ID-db447f63-bfa2-4a7c-85eb-64e55843e33c
Feb 24, 2023 4:18:13 PM uk.co.strimm.services.LoggerService log
SEVERE: Error creating broadcast objects for flows. Error message: requirement failed: A Broadcast must have one or more output ports
Feb 24, 2023 4:18:13 PM uk.co.strimm.services.LoggerService log
SEVERE: Stack trace: scala.Predef$.require(Predef.scala:277)
akka.stream.scaladsl.Broadcast.<init>(Graph.scala:564)
akka.stream.scaladsl.Broadcast$.apply(Graph.scala:545)
akka.stream.javadsl.Broadcast$.create(Graph.scala:179)
akka.stream.javadsl.Broadcast$.create(Graph.scala:186)
akka.stream.javadsl.Broadcast.create(Graph.scala)
uk.co.strimm.streams.ExperimentStream.setBroadcastObjectForFlows(ExperimentStream.kt:237)
uk.co.strimm.streams.ExperimentStream.access$setBroadcastObjectForFlows(ExperimentStream.kt:32)
uk.co.strimm.streams.ExperimentStream$createStreamGraph$1.apply(ExperimentStream.kt:98)
uk.co.strimm.streams.ExperimentStream$createStreamGraph$1.apply(ExperimentStream.kt:89)
akka.stream.javadsl.GraphCreate.$anonfun$create$1(GraphCreate.scala:17)
akka.stream.scaladsl.GraphApply.create(GraphApply.scala:17)
akka.stream.scaladsl.GraphApply.create$(GraphApply.scala:15)
akka.stream.scaladsl.GraphDSL$.create(Graph.scala:1269)
akka.stream.javadsl.GraphCreate.create(GraphCreate.scala:17)
akka.stream.javadsl.GraphDSL.create(Graph.scala)
uk.co.strimm.streams.ExperimentStream.createStreamGraph(ExperimentStream.kt:89)
uk.co.strimm.streams.ExperimentStream.createStream(ExperimentStream.kt:75)
uk.co.strimm.services.ExperimentService.createStreamGraph(ExperimentService.kt:69)
uk.co.strimm.gui.GUIMain$Companion.createStreamGraph(GUIMain.kt:491)
uk.co.strimm.gui.GUIMain.addLoadButtonListener$lambda-5(GUIMain.kt:255)
javax.swing.AbstractButton.fireActionPerformed(AbstractButton.java:2022)
javax.swing.AbstractButton$Handler.actionPerformed(AbstractButton.java:2348)
javax.swing.DefaultButtonModel.fireActionPerformed(DefaultButtonModel.java:402)
javax.swing.DefaultButtonModel.setPressed(DefaultButtonModel.java:259)
javax.swing.plaf.basic.BasicButtonListener.mouseReleased(BasicButtonListener.java:252)
java.awt.AWTEventMulticaster.mouseReleased(AWTEventMulticaster.java:289)
java.awt.Component.processMouseEvent(Component.java:6539)
javax.swing.JComponent.processMouseEvent(JComponent.java:3324)
java.awt.Component.processEvent(Component.java:6304)
java.awt.Container.processEvent(Container.java:2239)
java.awt.Component.dispatchEventImpl(Component.java:4889)
java.awt.Container.dispatchEventImpl(Container.java:2297)
java.awt.Component.dispatchEvent(Component.java:4711)
java.awt.LightweightDispatcher.retargetMouseEvent(Container.java:4904)
java.awt.LightweightDispatcher.processMouseEvent(Container.java:4535)
java.awt.LightweightDispatcher.dispatchEvent(Container.java:4476)
java.awt.Container.dispatchEventImpl(Container.java:2283)
java.awt.Window.dispatchEventImpl(Window.java:2746)
java.awt.Component.dispatchEvent(Component.java:4711)
java.awt.EventQueue.dispatchEventImpl(EventQueue.java:760)
java.awt.EventQueue.access$500(EventQueue.java:97)
java.awt.EventQueue$3.run(EventQueue.java:709)
java.awt.EventQueue$3.run(EventQueue.java:703)
java.security.AccessController.doPrivileged(Native Method)
java.security.ProtectionDomain$JavaSecurityAccessImpl.doIntersectionPrivilege(ProtectionDomain.java:74)
java.security.ProtectionDomain$JavaSecurityAccessImpl.doIntersectionPrivilege(ProtectionDomain.java:84)
java.awt.EventQueue$4.run(EventQueue.java:733)
java.awt.EventQueue$4.run(EventQueue.java:731)
java.security.AccessController.doPrivileged(Native Method)
java.security.ProtectionDomain$JavaSecurityAccessImpl.doIntersectionPrivilege(ProtectionDomain.java:74)
java.awt.EventQueue.dispatchEvent(EventQueue.java:730)
java.awt.EventDispatchThread.pumpOneEventForFilters(EventDispatchThread.java:205)
java.awt.EventDispatchThread.pumpEventsForFilter(EventDispatchThread.java:116)
java.awt.EventDispatchThread.pumpEventsForHierarchy(EventDispatchThread.java:105)
java.awt.EventDispatchThread.pumpEvents(EventDispatchThread.java:101)
java.awt.EventDispatchThread.pumpEvents(EventDispatchThread.java:93)
java.awt.EventDispatchThread.run(EventDispatchThread.java:82)

Feb 24, 2023 4:18:13 PM uk.co.strimm.services.LoggerService log
INFO: Experiment stream info:
Number of sources: 1
Number of flows: 1
Number of sinks 0
Sources details:
Source name: 1, number of source outlets: 1
Flow name: flow, number of flow inlets: 1, number of flow outlets: 0, 
Feb 24, 2023 4:18:13 PM uk.co.strimm.services.LoggerService log
INFO: Finished building graph
Feb 24, 2023 4:18:13 PM uk.co.strimm.services.LoggerService log
SEVERE: Number of connections specified not equal to number of connections made. The running of the stream graph will likely fail. Number of specified connections is 2, number of connections made is 1
Feb 24, 2023 4:18:13 PM uk.co.strimm.services.LoggerService log
SEVERE: Error building stream graph. Error message: Illegal GraphDSL usage. Outlets [Filter.out] were not returned in the resulting shape and not connected.
Feb 24, 2023 4:18:13 PM uk.co.strimm.services.LoggerService log
SEVERE: Stack trace: akka.stream.scaladsl.GraphDSL$Builder.result(Graph.scala:1399)
akka.stream.scaladsl.GraphApply.createGraph(GraphApply.scala:582)
akka.stream.scaladsl.GraphApply.create(GraphApply.scala:19)
akka.stream.scaladsl.GraphApply.create$(GraphApply.scala:15)
akka.stream.scaladsl.GraphDSL$.create(Graph.scala:1269)
akka.stream.javadsl.GraphCreate.create(GraphCreate.scala:17)
akka.stream.javadsl.GraphDSL.create(Graph.scala)
uk.co.strimm.streams.ExperimentStream.createStreamGraph(ExperimentStream.kt:89)
uk.co.strimm.streams.ExperimentStream.createStream(ExperimentStream.kt:75)
uk.co.strimm.services.ExperimentService.createStreamGraph(ExperimentService.kt:69)
uk.co.strimm.gui.GUIMain$Companion.createStreamGraph(GUIMain.kt:491)
uk.co.strimm.gui.GUIMain.addLoadButtonListener$lambda-5(GUIMain.kt:255)
javax.swing.AbstractButton.fireActionPerformed(AbstractButton.java:2022)
javax.swing.AbstractButton$Handler.actionPerformed(AbstractButton.java:2348)
javax.swing.DefaultButtonModel.fireActionPerformed(DefaultButtonModel.java:402)
javax.swing.DefaultButtonModel.setPressed(DefaultButtonModel.java:259)
javax.swing.plaf.basic.BasicButtonListener.mouseReleased(BasicButtonListener.java:252)
java.awt.AWTEventMulticaster.mouseReleased(AWTEventMulticaster.java:289)
java.awt.Component.processMouseEvent(Component.java:6539)
javax.swing.JComponent.processMouseEvent(JComponent.java:3324)
java.awt.Component.processEvent(Component.java:6304)
java.awt.Container.processEvent(Container.java:2239)
java.awt.Component.dispatchEventImpl(Component.java:4889)
java.awt.Container.dispatchEventImpl(Container.java:2297)
java.awt.Component.dispatchEvent(Component.java:4711)
java.awt.LightweightDispatcher.retargetMouseEvent(Container.java:4904)
java.awt.LightweightDispatcher.processMouseEvent(Container.java:4535)
java.awt.LightweightDispatcher.dispatchEvent(Container.java:4476)
java.awt.Container.dispatchEventImpl(Container.java:2283)
java.awt.Window.dispatchEventImpl(Window.java:2746)
java.awt.Component.dispatchEvent(Component.java:4711)
java.awt.EventQueue.dispatchEventImpl(EventQueue.java:760)
java.awt.EventQueue.access$500(EventQueue.java:97)
java.awt.EventQueue$3.run(EventQueue.java:709)
java.awt.EventQueue$3.run(EventQueue.java:703)
java.security.AccessController.doPrivileged(Native Method)
java.security.ProtectionDomain$JavaSecurityAccessImpl.doIntersectionPrivilege(ProtectionDomain.java:74)
java.security.ProtectionDomain$JavaSecurityAccessImpl.doIntersectionPrivilege(ProtectionDomain.java:84)
java.awt.EventQueue$4.run(EventQueue.java:733)
java.awt.EventQueue$4.run(EventQueue.java:731)
java.security.AccessController.doPrivileged(Native Method)
java.security.ProtectionDomain$JavaSecurityAccessImpl.doIntersectionPrivilege(ProtectionDomain.java:74)
java.awt.EventQueue.dispatchEvent(EventQueue.java:730)
java.awt.EventDispatchThread.pumpOneEventForFilters(EventDispatchThread.java:205)
java.awt.EventDispatchThread.pumpEventsForFilter(EventDispatchThread.java:116)
java.awt.EventDispatchThread.pumpEventsForHierarchy(EventDispatchThread.java:105)
java.awt.EventDispatchThread.pumpEvents(EventDispatchThread.java:101)
java.awt.EventDispatchThread.pumpEvents(EventDispatchThread.java:93)
java.awt.EventDispatchThread.run(EventDispatchThread.java:82)

Feb 24, 2023 4:18:13 PM uk.co.strimm.services.LoggerService log
SEVERE: Failed to create Experiment stream
